CRITICAL - 2023-02-06 00:14:33 --> Call to undefined function App\Controllers\admin\dataJoin()
#0 C:\xampp\htdocs\DhikaPegawai\vendor\codeigniter4\framework\system\CodeIgniter.php(832): App\Controllers\admin\pegawai->index()
#1 C:\xampp\htdocs\DhikaPegawai\vendor\codeigniter4\framework\system\CodeIgniter.php(419): CodeIgniter\CodeIgniter->runController(Object(App\Controllers\admin\pegawai))
#2 C:\xampp\htdocs\DhikaPegawai\vendor\codeigniter4\framework\system\CodeIgniter.php(326): CodeIgniter\CodeIgniter->handleRequest(NULL, Object(Config\Cache), false)
#3 C:\xampp\htdocs\DhikaPegawai\public\index.php(37): CodeIgniter\CodeIgniter->run()
#4 C:\xampp\htdocs\DhikaPegawai\vendor\codeigniter4\framework\system\Commands\Server\rewrite.php(43): require_once('C:\\xampp\\htdocs...')
#5 {main}
CRITICAL - 2023-02-06 00:24:12 --> Call to undefined method CodeIgniter\Database\MySQLi\Builder::getResultArray()
#0 C:\xampp\htdocs\DhikaPegawai\app\Controllers\admin\pegawai.php(17): App\Models\PegawaiModel->dataJoin()
#1 C:\xampp\htdocs\DhikaPegawai\vendor\codeigniter4\framework\system\CodeIgniter.php(832): App\Controllers\admin\pegawai->index()
#2 C:\xampp\htdocs\DhikaPegawai\vendor\codeigniter4\framework\system\CodeIgniter.php(419): CodeIgniter\CodeIgniter->runController(Object(App\Controllers\admin\pegawai))
#3 C:\xampp\htdocs\DhikaPegawai\vendor\codeigniter4\framework\system\CodeIgniter.php(326): CodeIgniter\CodeIgniter->handleRequest(NULL, Object(Config\Cache), false)
#4 C:\xampp\htdocs\DhikaPegawai\public\index.php(37): CodeIgniter\CodeIgniter->run()
#5 C:\xampp\htdocs\DhikaPegawai\vendor\codeigniter4\framework\system\Commands\Server\rewrite.php(43): require_once('C:\\xampp\\htdocs...')
#6 {main}
CRITICAL - 2023-02-06 02:42:39 --> Call to undefined method CodeIgniter\Database\MySQLi\Builder::getResultArray()
#0 C:\xampp\htdocs\DhikaPegawai\app\Controllers\admin\pegawai.php(17): App\Models\PegawaiModel->dataJoin()
#1 C:\xampp\htdocs\DhikaPegawai\vendor\codeigniter4\framework\system\CodeIgniter.php(832): App\Controllers\admin\pegawai->index()
#2 C:\xampp\htdocs\DhikaPegawai\vendor\codeigniter4\framework\system\CodeIgniter.php(419): CodeIgniter\CodeIgniter->runController(Object(App\Controllers\admin\pegawai))
#3 C:\xampp\htdocs\DhikaPegawai\vendor\codeigniter4\framework\system\CodeIgniter.php(326): CodeIgniter\CodeIgniter->handleRequest(NULL, Object(Config\Cache), false)
#4 C:\xampp\htdocs\DhikaPegawai\public\index.php(37): CodeIgniter\CodeIgniter->run()
#5 C:\xampp\htdocs\DhikaPegawai\vendor\codeigniter4\framework\system\Commands\Server\rewrite.php(43): require_once('C:\\xampp\\htdocs...')
#6 {main}
CRITICAL - 2023-02-06 02:45:17 --> Undefined variable: db
#0 C:\xampp\htdocs\DhikaPegawai\app\Models\PegawaiModel.php(24): CodeIgniter\Debug\Exceptions->errorHandler(8, 'Undefined varia...', 'C:\\xampp\\htdocs...', 24, Array)
#1 C:\xampp\htdocs\DhikaPegawai\app\Controllers\admin\pegawai.php(17): App\Models\PegawaiModel->dataJoin()
#2 C:\xampp\htdocs\DhikaPegawai\vendor\codeigniter4\framework\system\CodeIgniter.php(832): App\Controllers\admin\pegawai->index()
#3 C:\xampp\htdocs\DhikaPegawai\vendor\codeigniter4\framework\system\CodeIgniter.php(419): CodeIgniter\CodeIgniter->runController(Object(App\Controllers\admin\pegawai))
#4 C:\xampp\htdocs\DhikaPegawai\vendor\codeigniter4\framework\system\CodeIgniter.php(326): CodeIgniter\CodeIgniter->handleRequest(NULL, Object(Config\Cache), false)
#5 C:\xampp\htdocs\DhikaPegawai\public\index.php(37): CodeIgniter\CodeIgniter->run()
#6 C:\xampp\htdocs\DhikaPegawai\vendor\codeigniter4\framework\system\Commands\Server\rewrite.php(43): require_once('C:\\xampp\\htdocs...')
#7 {main}
ERROR - 2023-02-06 02:48:01 --> Unknown column 'pegawai_kategori.id_kategori' in 'on clause'
CRITICAL - 2023-02-06 02:48:01 --> Unknown column 'pegawai_kategori.id_kategori' in 'on clause'
#0 C:\xampp\htdocs\DhikaPegawai\vendor\codeigniter4\framework\system\Database\MySQLi\Connection.php(292): mysqli->query('SELECT `pegawai...', 0)
#1 C:\xampp\htdocs\DhikaPegawai\vendor\codeigniter4\framework\system\Database\BaseConnection.php(670): CodeIgniter\Database\MySQLi\Connection->execute('SELECT `pegawai...')
#2 C:\xampp\htdocs\DhikaPegawai\vendor\codeigniter4\framework\system\Database\BaseConnection.php(598): CodeIgniter\Database\BaseConnection->simpleQuery('SELECT `pegawai...')
#3 C:\xampp\htdocs\DhikaPegawai\vendor\codeigniter4\framework\system\Database\BaseBuilder.php(1455): CodeIgniter\Database\BaseConnection->query('SELECT `pegawai...', Array, false)
#4 C:\xampp\htdocs\DhikaPegawai\app\Models\PegawaiModel.php(27): CodeIgniter\Database\BaseBuilder->get()
#5 C:\xampp\htdocs\DhikaPegawai\app\Controllers\admin\pegawai.php(17): App\Models\PegawaiModel->dataJoin()
#6 C:\xampp\htdocs\DhikaPegawai\vendor\codeigniter4\framework\system\CodeIgniter.php(832): App\Controllers\admin\pegawai->index()
#7 C:\xampp\htdocs\DhikaPegawai\vendor\codeigniter4\framework\system\CodeIgniter.php(419): CodeIgniter\CodeIgniter->runController(Object(App\Controllers\admin\pegawai))
#8 C:\xampp\htdocs\DhikaPegawai\vendor\codeigniter4\framework\system\CodeIgniter.php(326): CodeIgniter\CodeIgniter->handleRequest(NULL, Object(Config\Cache), false)
#9 C:\xampp\htdocs\DhikaPegawai\public\index.php(37): CodeIgniter\CodeIgniter->run()
#10 C:\xampp\htdocs\DhikaPegawai\vendor\codeigniter4\framework\system\Commands\Server\rewrite.php(43): require_once('C:\\xampp\\htdocs...')
#11 {main}
CRITICAL - 2023-02-06 03:55:48 --> Use of undefined constant adminlte - assumed 'adminlte' (this will throw an Error in a future version of PHP)
#0 C:\xampp\htdocs\DhikaPegawai\app\Views\layout\template.php(26): CodeIgniter\Debug\Exceptions->errorHandler(2, 'Use of undefine...', 'C:\\xampp\\htdocs...', 26, Array)
#1 C:\xampp\htdocs\DhikaPegawai\vendor\codeigniter4\framework\system\View\View.php(210): include('C:\\xampp\\htdocs...')
#2 C:\xampp\htdocs\DhikaPegawai\vendor\codeigniter4\framework\system\View\View.php(213): CodeIgniter\View\View->CodeIgniter\View\{closure}()
#3 C:\xampp\htdocs\DhikaPegawai\vendor\codeigniter4\framework\system\View\View.php(226): CodeIgniter\View\View->render('layout/template', Array, true)
#4 C:\xampp\htdocs\DhikaPegawai\vendor\codeigniter4\framework\system\Common.php(1089): CodeIgniter\View\View->render('client/pages/pe...', Array, true)
#5 C:\xampp\htdocs\DhikaPegawai\app\Controllers\admin\pegawai.php(20): view('client/pages/pe...', Array)
#6 C:\xampp\htdocs\DhikaPegawai\vendor\codeigniter4\framework\system\CodeIgniter.php(832): App\Controllers\admin\pegawai->index()
#7 C:\xampp\htdocs\DhikaPegawai\vendor\codeigniter4\framework\system\CodeIgniter.php(419): CodeIgniter\CodeIgniter->runController(Object(App\Controllers\admin\pegawai))
#8 C:\xampp\htdocs\DhikaPegawai\vendor\codeigniter4\framework\system\CodeIgniter.php(326): CodeIgniter\CodeIgniter->handleRequest(NULL, Object(Config\Cache), false)
#9 C:\xampp\htdocs\DhikaPegawai\public\index.php(37): CodeIgniter\CodeIgniter->run()
#10 C:\xampp\htdocs\DhikaPegawai\vendor\codeigniter4\framework\system\Commands\Server\rewrite.php(43): require_once('C:\\xampp\\htdocs...')
#11 {main}
CRITICAL - 2023-02-06 04:21:42 --> Call to undefined function form_open()
#0 C:\xampp\htdocs\DhikaPegawai\vendor\codeigniter4\framework\system\View\View.php(210): include()
#1 C:\xampp\htdocs\DhikaPegawai\vendor\codeigniter4\framework\system\View\View.php(213): CodeIgniter\View\View->CodeIgniter\View\{closure}()
#2 C:\xampp\htdocs\DhikaPegawai\vendor\codeigniter4\framework\system\Common.php(1089): CodeIgniter\View\View->render('client/pages/in...', Array, true)
#3 C:\xampp\htdocs\DhikaPegawai\app\Controllers\admin\pegawai.php(25): view('client/pages/in...')
#4 C:\xampp\htdocs\DhikaPegawai\vendor\codeigniter4\framework\system\CodeIgniter.php(832): App\Controllers\admin\pegawai->tambah()
#5 C:\xampp\htdocs\DhikaPegawai\vendor\codeigniter4\framework\system\CodeIgniter.php(419): CodeIgniter\CodeIgniter->runController(Object(App\Controllers\admin\pegawai))
#6 C:\xampp\htdocs\DhikaPegawai\vendor\codeigniter4\framework\system\CodeIgniter.php(326): CodeIgniter\CodeIgniter->handleRequest(NULL, Object(Config\Cache), false)
#7 C:\xampp\htdocs\DhikaPegawai\public\index.php(37): CodeIgniter\CodeIgniter->run()
#8 C:\xampp\htdocs\DhikaPegawai\vendor\codeigniter4\framework\system\Commands\Server\rewrite.php(43): require_once('C:\\xampp\\htdocs...')
#9 {main}
CRITICAL - 2023-02-06 04:31:40 --> Call to undefined function form_open()
#0 C:\xampp\htdocs\DhikaPegawai\vendor\codeigniter4\framework\system\View\View.php(210): include()
#1 C:\xampp\htdocs\DhikaPegawai\vendor\codeigniter4\framework\system\View\View.php(213): CodeIgniter\View\View->CodeIgniter\View\{closure}()
#2 C:\xampp\htdocs\DhikaPegawai\vendor\codeigniter4\framework\system\Common.php(1089): CodeIgniter\View\View->render('client/pages/in...', Array, true)
#3 C:\xampp\htdocs\DhikaPegawai\app\Controllers\admin\pegawai.php(25): view('client/pages/in...')
#4 C:\xampp\htdocs\DhikaPegawai\vendor\codeigniter4\framework\system\CodeIgniter.php(832): App\Controllers\admin\pegawai->tambah()
#5 C:\xampp\htdocs\DhikaPegawai\vendor\codeigniter4\framework\system\CodeIgniter.php(419): CodeIgniter\CodeIgniter->runController(Object(App\Controllers\admin\pegawai))
#6 C:\xampp\htdocs\DhikaPegawai\vendor\codeigniter4\framework\system\CodeIgniter.php(326): CodeIgniter\CodeIgniter->handleRequest(NULL, Object(Config\Cache), false)
#7 C:\xampp\htdocs\DhikaPegawai\public\index.php(37): CodeIgniter\CodeIgniter->run()
#8 C:\xampp\htdocs\DhikaPegawai\vendor\codeigniter4\framework\system\Commands\Server\rewrite.php(43): require_once('C:\\xampp\\htdocs...')
#9 {main}
CRITICAL - 2023-02-06 04:55:40 --> You must set the database table to be used with your query.
#0 C:\xampp\htdocs\DhikaPegawai\vendor\codeigniter4\framework\system\Model.php(545): CodeIgniter\Database\BaseConnection->table(NULL)
#1 C:\xampp\htdocs\DhikaPegawai\vendor\codeigniter4\framework\system\Model.php(232): CodeIgniter\Model->builder()
#2 C:\xampp\htdocs\DhikaPegawai\vendor\codeigniter4\framework\system\BaseModel.php(738): CodeIgniter\Model->doInsert(Array)
#3 C:\xampp\htdocs\DhikaPegawai\vendor\codeigniter4\framework\system\Model.php(625): CodeIgniter\BaseModel->insert(Array, false)
#4 C:\xampp\htdocs\DhikaPegawai\vendor\codeigniter4\framework\system\BaseModel.php(658): CodeIgniter\Model->insert(Array, false)
#5 C:\xampp\htdocs\DhikaPegawai\app\Controllers\admin\pegawai.php(33): CodeIgniter\BaseModel->save(Array)
#6 C:\xampp\htdocs\DhikaPegawai\vendor\codeigniter4\framework\system\CodeIgniter.php(832): App\Controllers\admin\pegawai->save()
#7 C:\xampp\htdocs\DhikaPegawai\vendor\codeigniter4\framework\system\CodeIgniter.php(419): CodeIgniter\CodeIgniter->runController(Object(App\Controllers\admin\pegawai))
#8 C:\xampp\htdocs\DhikaPegawai\vendor\codeigniter4\framework\system\CodeIgniter.php(326): CodeIgniter\CodeIgniter->handleRequest(NULL, Object(Config\Cache), false)
#9 C:\xampp\htdocs\DhikaPegawai\public\index.php(37): CodeIgniter\CodeIgniter->run()
#10 C:\xampp\htdocs\DhikaPegawai\vendor\codeigniter4\framework\system\Commands\Server\rewrite.php(43): require_once('C:\\xampp\\htdocs...')
#11 {main}
CRITICAL - 2023-02-06 04:56:42 --> Use of undefined constant pegawai_pegawai - assumed 'pegawai_pegawai' (this will throw an Error in a future version of PHP)
#0 C:\xampp\htdocs\DhikaPegawai\app\Controllers\admin\pegawai.php(10): CodeIgniter\Debug\Exceptions->errorHandler(2, 'Use of undefine...', 'C:\\xampp\\htdocs...', 10, Array)
#1 C:\xampp\htdocs\DhikaPegawai\vendor\codeigniter4\framework\system\CodeIgniter.php(809): App\Controllers\admin\pegawai->__construct()
#2 C:\xampp\htdocs\DhikaPegawai\vendor\codeigniter4\framework\system\CodeIgniter.php(410): CodeIgniter\CodeIgniter->createController()
#3 C:\xampp\htdocs\DhikaPegawai\vendor\codeigniter4\framework\system\CodeIgniter.php(326): CodeIgniter\CodeIgniter->handleRequest(NULL, Object(Config\Cache), false)
#4 C:\xampp\htdocs\DhikaPegawai\public\index.php(37): CodeIgniter\CodeIgniter->run()
#5 C:\xampp\htdocs\DhikaPegawai\vendor\codeigniter4\framework\system\Commands\Server\rewrite.php(43): require_once('C:\\xampp\\htdocs...')
#6 {main}
CRITICAL - 2023-02-06 04:56:44 --> Use of undefined constant pegawai_pegawai - assumed 'pegawai_pegawai' (this will throw an Error in a future version of PHP)
#0 C:\xampp\htdocs\DhikaPegawai\app\Controllers\admin\pegawai.php(10): CodeIgniter\Debug\Exceptions->errorHandler(2, 'Use of undefine...', 'C:\\xampp\\htdocs...', 10, Array)
#1 C:\xampp\htdocs\DhikaPegawai\vendor\codeigniter4\framework\system\CodeIgniter.php(809): App\Controllers\admin\pegawai->__construct()
#2 C:\xampp\htdocs\DhikaPegawai\vendor\codeigniter4\framework\system\CodeIgniter.php(410): CodeIgniter\CodeIgniter->createController()
#3 C:\xampp\htdocs\DhikaPegawai\vendor\codeigniter4\framework\system\CodeIgniter.php(326): CodeIgniter\CodeIgniter->handleRequest(NULL, Object(Config\Cache), false)
#4 C:\xampp\htdocs\DhikaPegawai\public\index.php(37): CodeIgniter\CodeIgniter->run()
#5 C:\xampp\htdocs\DhikaPegawai\vendor\codeigniter4\framework\system\Commands\Server\rewrite.php(43): require_once('C:\\xampp\\htdocs...')
#6 {main}
CRITICAL - 2023-02-06 04:57:28 --> Use of undefined constant pegawai_pegawai - assumed 'pegawai_pegawai' (this will throw an Error in a future version of PHP)
#0 C:\xampp\htdocs\DhikaPegawai\app\Controllers\admin\pegawai.php(10): CodeIgniter\Debug\Exceptions->errorHandler(2, 'Use of undefine...', 'C:\\xampp\\htdocs...', 10, Array)
#1 C:\xampp\htdocs\DhikaPegawai\vendor\codeigniter4\framework\system\CodeIgniter.php(809): App\Controllers\admin\pegawai->__construct()
#2 C:\xampp\htdocs\DhikaPegawai\vendor\codeigniter4\framework\system\CodeIgniter.php(410): CodeIgniter\CodeIgniter->createController()
#3 C:\xampp\htdocs\DhikaPegawai\vendor\codeigniter4\framework\system\CodeIgniter.php(326): CodeIgniter\CodeIgniter->handleRequest(NULL, Object(Config\Cache), false)
#4 C:\xampp\htdocs\DhikaPegawai\public\index.php(37): CodeIgniter\CodeIgniter->run()
#5 C:\xampp\htdocs\DhikaPegawai\vendor\codeigniter4\framework\system\Commands\Server\rewrite.php(43): require_once('C:\\xampp\\htdocs...')
#6 {main}
CRITICAL - 2023-02-06 04:57:31 --> Use of undefined constant pegawai_pegawai - assumed 'pegawai_pegawai' (this will throw an Error in a future version of PHP)
#0 C:\xampp\htdocs\DhikaPegawai\app\Controllers\admin\pegawai.php(10): CodeIgniter\Debug\Exceptions->errorHandler(2, 'Use of undefine...', 'C:\\xampp\\htdocs...', 10, Array)
#1 C:\xampp\htdocs\DhikaPegawai\vendor\codeigniter4\framework\system\CodeIgniter.php(809): App\Controllers\admin\pegawai->__construct()
#2 C:\xampp\htdocs\DhikaPegawai\vendor\codeigniter4\framework\system\CodeIgniter.php(410): CodeIgniter\CodeIgniter->createController()
#3 C:\xampp\htdocs\DhikaPegawai\vendor\codeigniter4\framework\system\CodeIgniter.php(326): CodeIgniter\CodeIgniter->handleRequest(NULL, Object(Config\Cache), false)
#4 C:\xampp\htdocs\DhikaPegawai\public\index.php(37): CodeIgniter\CodeIgniter->run()
#5 C:\xampp\htdocs\DhikaPegawai\vendor\codeigniter4\framework\system\Commands\Server\rewrite.php(43): require_once('C:\\xampp\\htdocs...')
#6 {main}
CRITICAL - 2023-02-06 04:58:42 --> Use of undefined constant pegawai_pegawai - assumed 'pegawai_pegawai' (this will throw an Error in a future version of PHP)
#0 C:\xampp\htdocs\DhikaPegawai\app\Controllers\admin\pegawai.php(10): CodeIgniter\Debug\Exceptions->errorHandler(2, 'Use of undefine...', 'C:\\xampp\\htdocs...', 10, Array)
#1 C:\xampp\htdocs\DhikaPegawai\vendor\codeigniter4\framework\system\CodeIgniter.php(809): App\Controllers\admin\pegawai->__construct()
#2 C:\xampp\htdocs\DhikaPegawai\vendor\codeigniter4\framework\system\CodeIgniter.php(410): CodeIgniter\CodeIgniter->createController()
#3 C:\xampp\htdocs\DhikaPegawai\vendor\codeigniter4\framework\system\CodeIgniter.php(326): CodeIgniter\CodeIgniter->handleRequest(NULL, Object(Config\Cache), false)
#4 C:\xampp\htdocs\DhikaPegawai\public\index.php(37): CodeIgniter\CodeIgniter->run()
#5 C:\xampp\htdocs\DhikaPegawai\vendor\codeigniter4\framework\system\Commands\Server\rewrite.php(43): require_once('C:\\xampp\\htdocs...')
#6 {main}
CRITICAL - 2023-02-06 04:58:44 --> Use of undefined constant pegawai_pegawai - assumed 'pegawai_pegawai' (this will throw an Error in a future version of PHP)
#0 C:\xampp\htdocs\DhikaPegawai\app\Controllers\admin\pegawai.php(10): CodeIgniter\Debug\Exceptions->errorHandler(2, 'Use of undefine...', 'C:\\xampp\\htdocs...', 10, Array)
#1 C:\xampp\htdocs\DhikaPegawai\vendor\codeigniter4\framework\system\CodeIgniter.php(809): App\Controllers\admin\pegawai->__construct()
#2 C:\xampp\htdocs\DhikaPegawai\vendor\codeigniter4\framework\system\CodeIgniter.php(410): CodeIgniter\CodeIgniter->createController()
#3 C:\xampp\htdocs\DhikaPegawai\vendor\codeigniter4\framework\system\CodeIgniter.php(326): CodeIgniter\CodeIgniter->handleRequest(NULL, Object(Config\Cache), false)
#4 C:\xampp\htdocs\DhikaPegawai\public\index.php(37): CodeIgniter\CodeIgniter->run()
#5 C:\xampp\htdocs\DhikaPegawai\vendor\codeigniter4\framework\system\Commands\Server\rewrite.php(43): require_once('C:\\xampp\\htdocs...')
#6 {main}
CRITICAL - 2023-02-06 04:59:47 --> Use of undefined constant pegawai_pegawai - assumed 'pegawai_pegawai' (this will throw an Error in a future version of PHP)
#0 C:\xampp\htdocs\DhikaPegawai\app\Controllers\admin\admin.php(11): CodeIgniter\Debug\Exceptions->errorHandler(2, 'Use of undefine...', 'C:\\xampp\\htdocs...', 11, Array)
#1 C:\xampp\htdocs\DhikaPegawai\vendor\codeigniter4\framework\system\CodeIgniter.php(809): App\Controllers\admin\admin->__construct()
#2 C:\xampp\htdocs\DhikaPegawai\vendor\codeigniter4\framework\system\CodeIgniter.php(410): CodeIgniter\CodeIgniter->createController()
#3 C:\xampp\htdocs\DhikaPegawai\vendor\codeigniter4\framework\system\CodeIgniter.php(326): CodeIgniter\CodeIgniter->handleRequest(NULL, Object(Config\Cache), false)
#4 C:\xampp\htdocs\DhikaPegawai\public\index.php(37): CodeIgniter\CodeIgniter->run()
#5 C:\xampp\htdocs\DhikaPegawai\vendor\codeigniter4\framework\system\Commands\Server\rewrite.php(43): require_once('C:\\xampp\\htdocs...')
#6 {main}
ERROR - 2023-02-06 05:03:30 --> Cannot add or update a child row: a foreign key constraint fails (`ci4datapegawai`.`pegawai_pegawai`, CONSTRAINT `pegawai_pegawai_id_kategori_foreign` FOREIGN KEY (`id_kategori`) REFERENCES `pegawai_kategori` (`id`))
CRITICAL - 2023-02-06 05:03:30 --> Cannot add or update a child row: a foreign key constraint fails (`ci4datapegawai`.`pegawai_pegawai`, CONSTRAINT `pegawai_pegawai_id_kategori_foreign` FOREIGN KEY (`id_kategori`) REFERENCES `pegawai_kategori` (`id`))
#0 C:\xampp\htdocs\DhikaPegawai\vendor\codeigniter4\framework\system\Database\MySQLi\Connection.php(292): mysqli->query('INSERT INTO `pe...', 0)
#1 C:\xampp\htdocs\DhikaPegawai\vendor\codeigniter4\framework\system\Database\BaseConnection.php(670): CodeIgniter\Database\MySQLi\Connection->execute('INSERT INTO `pe...')
#2 C:\xampp\htdocs\DhikaPegawai\vendor\codeigniter4\framework\system\Database\BaseConnection.php(598): CodeIgniter\Database\BaseConnection->simpleQuery('INSERT INTO `pe...')
#3 C:\xampp\htdocs\DhikaPegawai\vendor\codeigniter4\framework\system\Database\BaseBuilder.php(1771): CodeIgniter\Database\BaseConnection->query('INSERT INTO `pe...', Array, false)
#4 C:\xampp\htdocs\DhikaPegawai\vendor\codeigniter4\framework\system\Model.php(239): CodeIgniter\Database\BaseBuilder->insert()
#5 C:\xampp\htdocs\DhikaPegawai\vendor\codeigniter4\framework\system\BaseModel.php(738): CodeIgniter\Model->doInsert(Array)
#6 C:\xampp\htdocs\DhikaPegawai\vendor\codeigniter4\framework\system\Model.php(625): CodeIgniter\BaseModel->insert(Array, false)
#7 C:\xampp\htdocs\DhikaPegawai\vendor\codeigniter4\framework\system\BaseModel.php(658): CodeIgniter\Model->insert(Array, false)
#8 C:\xampp\htdocs\DhikaPegawai\app\Controllers\admin\pegawai.php(33): CodeIgniter\BaseModel->save(Array)
#9 C:\xampp\htdocs\DhikaPegawai\vendor\codeigniter4\framework\system\CodeIgniter.php(832): App\Controllers\admin\pegawai->save()
#10 C:\xampp\htdocs\DhikaPegawai\vendor\codeigniter4\framework\system\CodeIgniter.php(419): CodeIgniter\CodeIgniter->runController(Object(App\Controllers\admin\pegawai))
#11 C:\xampp\htdocs\DhikaPegawai\vendor\codeigniter4\framework\system\CodeIgniter.php(326): CodeIgniter\CodeIgniter->handleRequest(NULL, Object(Config\Cache), false)
#12 C:\xampp\htdocs\DhikaPegawai\public\index.php(37): CodeIgniter\CodeIgniter->run()
#13 C:\xampp\htdocs\DhikaPegawai\vendor\codeigniter4\framework\system\Commands\Server\rewrite.php(43): require_once('C:\\xampp\\htdocs...')
#14 {main}
ERROR - 2023-02-06 05:09:29 --> Cannot add or update a child row: a foreign key constraint fails (`ci4datapegawai`.`pegawai_pegawai`, CONSTRAINT `pegawai_pegawai_id_kategori_foreign` FOREIGN KEY (`id_kategori`) REFERENCES `pegawai_kategori` (`id`))
CRITICAL - 2023-02-06 05:09:29 --> Cannot add or update a child row: a foreign key constraint fails (`ci4datapegawai`.`pegawai_pegawai`, CONSTRAINT `pegawai_pegawai_id_kategori_foreign` FOREIGN KEY (`id_kategori`) REFERENCES `pegawai_kategori` (`id`))
#0 C:\xampp\htdocs\DhikaPegawai\vendor\codeigniter4\framework\system\Database\MySQLi\Connection.php(292): mysqli->query('INSERT INTO `pe...', 0)
#1 C:\xampp\htdocs\DhikaPegawai\vendor\codeigniter4\framework\system\Database\BaseConnection.php(670): CodeIgniter\Database\MySQLi\Connection->execute('INSERT INTO `pe...')
#2 C:\xampp\htdocs\DhikaPegawai\vendor\codeigniter4\framework\system\Database\BaseConnection.php(598): CodeIgniter\Database\BaseConnection->simpleQuery('INSERT INTO `pe...')
#3 C:\xampp\htdocs\DhikaPegawai\vendor\codeigniter4\framework\system\Database\BaseBuilder.php(1771): CodeIgniter\Database\BaseConnection->query('INSERT INTO `pe...', Array, false)
#4 C:\xampp\htdocs\DhikaPegawai\vendor\codeigniter4\framework\system\Model.php(239): CodeIgniter\Database\BaseBuilder->insert()
#5 C:\xampp\htdocs\DhikaPegawai\vendor\codeigniter4\framework\system\BaseModel.php(738): CodeIgniter\Model->doInsert(Array)
#6 C:\xampp\htdocs\DhikaPegawai\vendor\codeigniter4\framework\system\Model.php(625): CodeIgniter\BaseModel->insert(Array, false)
#7 C:\xampp\htdocs\DhikaPegawai\vendor\codeigniter4\framework\system\BaseModel.php(658): CodeIgniter\Model->insert(Array, false)
#8 C:\xampp\htdocs\DhikaPegawai\app\Controllers\admin\pegawai.php(37): CodeIgniter\BaseModel->save(Array)
#9 C:\xampp\htdocs\DhikaPegawai\vendor\codeigniter4\framework\system\CodeIgniter.php(832): App\Controllers\admin\pegawai->save()
#10 C:\xampp\htdocs\DhikaPegawai\vendor\codeigniter4\framework\system\CodeIgniter.php(419): CodeIgniter\CodeIgniter->runController(Object(App\Controllers\admin\pegawai))
#11 C:\xampp\htdocs\DhikaPegawai\vendor\codeigniter4\framework\system\CodeIgniter.php(326): CodeIgniter\CodeIgniter->handleRequest(NULL, Object(Config\Cache), false)
#12 C:\xampp\htdocs\DhikaPegawai\public\index.php(37): CodeIgniter\CodeIgniter->run()
#13 C:\xampp\htdocs\DhikaPegawai\vendor\codeigniter4\framework\system\Commands\Server\rewrite.php(43): require_once('C:\\xampp\\htdocs...')
#14 {main}
CRITICAL - 2023-02-06 06:25:27 --> Undefined index: pegawai_pegawai.id
#0 C:\xampp\htdocs\DhikaPegawai\app\Views\client\pages\pegawai.php(56): CodeIgniter\Debug\Exceptions->errorHandler(8, 'Undefined index...', 'C:\\xampp\\htdocs...', 56, Array)
#1 C:\xampp\htdocs\DhikaPegawai\vendor\codeigniter4\framework\system\View\View.php(210): include('C:\\xampp\\htdocs...')
#2 C:\xampp\htdocs\DhikaPegawai\vendor\codeigniter4\framework\system\View\View.php(213): CodeIgniter\View\View->CodeIgniter\View\{closure}()
#3 C:\xampp\htdocs\DhikaPegawai\vendor\codeigniter4\framework\system\Common.php(1089): CodeIgniter\View\View->render('client/pages/pe...', Array, true)
#4 C:\xampp\htdocs\DhikaPegawai\app\Controllers\admin\pegawai.php(20): view('client/pages/pe...', Array)
#5 C:\xampp\htdocs\DhikaPegawai\vendor\codeigniter4\framework\system\CodeIgniter.php(832): App\Controllers\admin\pegawai->index()
#6 C:\xampp\htdocs\DhikaPegawai\vendor\codeigniter4\framework\system\CodeIgniter.php(419): CodeIgniter\CodeIgniter->runController(Object(App\Controllers\admin\pegawai))
#7 C:\xampp\htdocs\DhikaPegawai\vendor\codeigniter4\framework\system\CodeIgniter.php(326): CodeIgniter\CodeIgniter->handleRequest(NULL, Object(Config\Cache), false)
#8 C:\xampp\htdocs\DhikaPegawai\public\index.php(37): CodeIgniter\CodeIgniter->run()
#9 C:\xampp\htdocs\DhikaPegawai\vendor\codeigniter4\framework\system\Commands\Server\rewrite.php(43): require_once('C:\\xampp\\htdocs...')
#10 {main}
CRITICAL - 2023-02-06 06:47:46 --> Undefined variable: kategori
#0 C:\xampp\htdocs\DhikaPegawai\app\Views\client\pages\editpegawai.php(55): CodeIgniter\Debug\Exceptions->errorHandler(8, 'Undefined varia...', 'C:\\xampp\\htdocs...', 55, Array)
#1 C:\xampp\htdocs\DhikaPegawai\vendor\codeigniter4\framework\system\View\View.php(210): include('C:\\xampp\\htdocs...')
#2 C:\xampp\htdocs\DhikaPegawai\vendor\codeigniter4\framework\system\View\View.php(213): CodeIgniter\View\View->CodeIgniter\View\{closure}()
#3 C:\xampp\htdocs\DhikaPegawai\vendor\codeigniter4\framework\system\Common.php(1089): CodeIgniter\View\View->render('client/pages/ed...', Array, true)
#4 C:\xampp\htdocs\DhikaPegawai\app\Controllers\admin\pegawai.php(46): view('client/pages/ed...')
#5 C:\xampp\htdocs\DhikaPegawai\vendor\codeigniter4\framework\system\CodeIgniter.php(832): App\Controllers\admin\pegawai->edit('3')
#6 C:\xampp\htdocs\DhikaPegawai\vendor\codeigniter4\framework\system\CodeIgniter.php(419): CodeIgniter\CodeIgniter->runController(Object(App\Controllers\admin\pegawai))
#7 C:\xampp\htdocs\DhikaPegawai\vendor\codeigniter4\framework\system\CodeIgniter.php(326): CodeIgniter\CodeIgniter->handleRequest(NULL, Object(Config\Cache), false)
#8 C:\xampp\htdocs\DhikaPegawai\public\index.php(37): CodeIgniter\CodeIgniter->run()
#9 C:\xampp\htdocs\DhikaPegawai\vendor\codeigniter4\framework\system\Commands\Server\rewrite.php(43): require_once('C:\\xampp\\htdocs...')
#10 {main}
CRITICAL - 2023-02-06 06:53:12 --> Cannot use object of type stdClass as array
#0 C:\xampp\htdocs\DhikaPegawai\vendor\codeigniter4\framework\system\View\View.php(210): include()
#1 C:\xampp\htdocs\DhikaPegawai\vendor\codeigniter4\framework\system\View\View.php(213): CodeIgniter\View\View->CodeIgniter\View\{closure}()
#2 C:\xampp\htdocs\DhikaPegawai\vendor\codeigniter4\framework\system\Common.php(1089): CodeIgniter\View\View->render('client/pages/ed...', Array, true)
#3 C:\xampp\htdocs\DhikaPegawai\app\Controllers\admin\pegawai.php(51): view('client/pages/ed...', Array)
#4 C:\xampp\htdocs\DhikaPegawai\vendor\codeigniter4\framework\system\CodeIgniter.php(832): App\Controllers\admin\pegawai->edit('3')
#5 C:\xampp\htdocs\DhikaPegawai\vendor\codeigniter4\framework\system\CodeIgniter.php(419): CodeIgniter\CodeIgniter->runController(Object(App\Controllers\admin\pegawai))
#6 C:\xampp\htdocs\DhikaPegawai\vendor\codeigniter4\framework\system\CodeIgniter.php(326): CodeIgniter\CodeIgniter->handleRequest(NULL, Object(Config\Cache), false)
#7 C:\xampp\htdocs\DhikaPegawai\public\index.php(37): CodeIgniter\CodeIgniter->run()
#8 C:\xampp\htdocs\DhikaPegawai\vendor\codeigniter4\framework\system\Commands\Server\rewrite.php(43): require_once('C:\\xampp\\htdocs...')
#9 {main}
CRITICAL - 2023-02-06 06:53:35 --> Cannot use object of type stdClass as array
#0 C:\xampp\htdocs\DhikaPegawai\vendor\codeigniter4\framework\system\View\View.php(210): include()
#1 C:\xampp\htdocs\DhikaPegawai\vendor\codeigniter4\framework\system\View\View.php(213): CodeIgniter\View\View->CodeIgniter\View\{closure}()
#2 C:\xampp\htdocs\DhikaPegawai\vendor\codeigniter4\framework\system\Common.php(1089): CodeIgniter\View\View->render('client/pages/ed...', Array, true)
#3 C:\xampp\htdocs\DhikaPegawai\app\Controllers\admin\pegawai.php(51): view('client/pages/ed...', Array)
#4 C:\xampp\htdocs\DhikaPegawai\vendor\codeigniter4\framework\system\CodeIgniter.php(832): App\Controllers\admin\pegawai->edit('3')
#5 C:\xampp\htdocs\DhikaPegawai\vendor\codeigniter4\framework\system\CodeIgniter.php(419): CodeIgniter\CodeIgniter->runController(Object(App\Controllers\admin\pegawai))
#6 C:\xampp\htdocs\DhikaPegawai\vendor\codeigniter4\framework\system\CodeIgniter.php(326): CodeIgniter\CodeIgniter->handleRequest(NULL, Object(Config\Cache), false)
#7 C:\xampp\htdocs\DhikaPegawai\public\index.php(37): CodeIgniter\CodeIgniter->run()
#8 C:\xampp\htdocs\DhikaPegawai\vendor\codeigniter4\framework\system\Commands\Server\rewrite.php(43): require_once('C:\\xampp\\htdocs...')
#9 {main}
CRITICAL - 2023-02-06 06:54:57 --> Trying to get property 'nama_pegawai' of non-object
#0 C:\xampp\htdocs\DhikaPegawai\app\Views\client\pages\editpegawai.php(44): CodeIgniter\Debug\Exceptions->errorHandler(8, 'Trying to get p...', 'C:\\xampp\\htdocs...', 44, Array)
#1 C:\xampp\htdocs\DhikaPegawai\vendor\codeigniter4\framework\system\View\View.php(210): include('C:\\xampp\\htdocs...')
#2 C:\xampp\htdocs\DhikaPegawai\vendor\codeigniter4\framework\system\View\View.php(213): CodeIgniter\View\View->CodeIgniter\View\{closure}()
#3 C:\xampp\htdocs\DhikaPegawai\vendor\codeigniter4\framework\system\Common.php(1089): CodeIgniter\View\View->render('client/pages/ed...', Array, true)
#4 C:\xampp\htdocs\DhikaPegawai\app\Controllers\admin\pegawai.php(51): view('client/pages/ed...', Array)
#5 C:\xampp\htdocs\DhikaPegawai\vendor\codeigniter4\framework\system\CodeIgniter.php(832): App\Controllers\admin\pegawai->edit('adminlte', 'plugins', 'chart.js', 'Chart.min.js')
#6 C:\xampp\htdocs\DhikaPegawai\vendor\codeigniter4\framework\system\CodeIgniter.php(419): CodeIgniter\CodeIgniter->runController(Object(App\Controllers\admin\pegawai))
#7 C:\xampp\htdocs\DhikaPegawai\vendor\codeigniter4\framework\system\CodeIgniter.php(326): CodeIgniter\CodeIgniter->handleRequest(NULL, Object(Config\Cache), false)
#8 C:\xampp\htdocs\DhikaPegawai\public\index.php(37): CodeIgniter\CodeIgniter->run()
#9 C:\xampp\htdocs\DhikaPegawai\vendor\codeigniter4\framework\system\Commands\Server\rewrite.php(43): require_once('C:\\xampp\\htdocs...')
#10 {main}
CRITICAL - 2023-02-06 06:54:57 --> Trying to get property 'nama_pegawai' of non-object
#0 C:\xampp\htdocs\DhikaPegawai\app\Views\client\pages\editpegawai.php(44): CodeIgniter\Debug\Exceptions->errorHandler(8, 'Trying to get p...', 'C:\\xampp\\htdocs...', 44, Array)
#1 C:\xampp\htdocs\DhikaPegawai\vendor\codeigniter4\framework\system\View\View.php(210): include('C:\\xampp\\htdocs...')
#2 C:\xampp\htdocs\DhikaPegawai\vendor\codeigniter4\framework\system\View\View.php(213): CodeIgniter\View\View->CodeIgniter\View\{closure}()
#3 C:\xampp\htdocs\DhikaPegawai\vendor\codeigniter4\framework\system\Common.php(1089): CodeIgniter\View\View->render('client/pages/ed...', Array, true)
#4 C:\xampp\htdocs\DhikaPegawai\app\Controllers\admin\pegawai.php(51): view('client/pages/ed...', Array)
#5 C:\xampp\htdocs\DhikaPegawai\vendor\codeigniter4\framework\system\CodeIgniter.php(832): App\Controllers\admin\pegawai->edit('js', 'app.js')
#6 C:\xampp\htdocs\DhikaPegawai\vendor\codeigniter4\framework\system\CodeIgniter.php(419): CodeIgniter\CodeIgniter->runController(Object(App\Controllers\admin\pegawai))
#7 C:\xampp\htdocs\DhikaPegawai\vendor\codeigniter4\framework\system\CodeIgniter.php(326): CodeIgniter\CodeIgniter->handleRequest(NULL, Object(Config\Cache), false)
#8 C:\xampp\htdocs\DhikaPegawai\public\index.php(37): CodeIgniter\CodeIgniter->run()
#9 C:\xampp\htdocs\DhikaPegawai\vendor\codeigniter4\framework\system\Commands\Server\rewrite.php(43): require_once('C:\\xampp\\htdocs...')
#10 {main}
CRITICAL - 2023-02-06 06:54:58 --> Trying to get property 'nama_pegawai' of non-object
#0 C:\xampp\htdocs\DhikaPegawai\app\Views\client\pages\editpegawai.php(44): CodeIgniter\Debug\Exceptions->errorHandler(8, 'Trying to get p...', 'C:\\xampp\\htdocs...', 44, Array)
#1 C:\xampp\htdocs\DhikaPegawai\vendor\codeigniter4\framework\system\View\View.php(210): include('C:\\xampp\\htdocs...')
#2 C:\xampp\htdocs\DhikaPegawai\vendor\codeigniter4\framework\system\View\View.php(213): CodeIgniter\View\View->CodeIgniter\View\{closure}()
#3 C:\xampp\htdocs\DhikaPegawai\vendor\codeigniter4\framework\system\Common.php(1089): CodeIgniter\View\View->render('client/pages/ed...', Array, true)
#4 C:\xampp\htdocs\DhikaPegawai\app\Controllers\admin\pegawai.php(51): view('client/pages/ed...', Array)
#5 C:\xampp\htdocs\DhikaPegawai\vendor\codeigniter4\framework\system\CodeIgniter.php(832): App\Controllers\admin\pegawai->edit('adminlte', 'dist', 'img', 'user1-128x128.j...')
#6 C:\xampp\htdocs\DhikaPegawai\vendor\codeigniter4\framework\system\CodeIgniter.php(419): CodeIgniter\CodeIgniter->runController(Object(App\Controllers\admin\pegawai))
#7 C:\xampp\htdocs\DhikaPegawai\vendor\codeigniter4\framework\system\CodeIgniter.php(326): CodeIgniter\CodeIgniter->handleRequest(NULL, Object(Config\Cache), false)
#8 C:\xampp\htdocs\DhikaPegawai\public\index.php(37): CodeIgniter\CodeIgniter->run()
#9 C:\xampp\htdocs\DhikaPegawai\vendor\codeigniter4\framework\system\Commands\Server\rewrite.php(43): require_once('C:\\xampp\\htdocs...')
#10 {main}
CRITICAL - 2023-02-06 06:54:58 --> Trying to get property 'nama_pegawai' of non-object
#0 C:\xampp\htdocs\DhikaPegawai\app\Views\client\pages\editpegawai.php(44): CodeIgniter\Debug\Exceptions->errorHandler(8, 'Trying to get p...', 'C:\\xampp\\htdocs...', 44, Array)
#1 C:\xampp\htdocs\DhikaPegawai\vendor\codeigniter4\framework\system\View\View.php(210): include('C:\\xampp\\htdocs...')
#2 C:\xampp\htdocs\DhikaPegawai\vendor\codeigniter4\framework\system\View\View.php(213): CodeIgniter\View\View->CodeIgniter\View\{closure}()
#3 C:\xampp\htdocs\DhikaPegawai\vendor\codeigniter4\framework\system\Common.php(1089): CodeIgniter\View\View->render('client/pages/ed...', Array, true)
#4 C:\xampp\htdocs\DhikaPegawai\app\Controllers\admin\pegawai.php(51): view('client/pages/ed...', Array)
#5 C:\xampp\htdocs\DhikaPegawai\vendor\codeigniter4\framework\system\CodeIgniter.php(832): App\Controllers\admin\pegawai->edit('adminlte', 'dist', 'img', 'user8-128x128.j...')
#6 C:\xampp\htdocs\DhikaPegawai\vendor\codeigniter4\framework\system\CodeIgniter.php(419): CodeIgniter\CodeIgniter->runController(Object(App\Controllers\admin\pegawai))
#7 C:\xampp\htdocs\DhikaPegawai\vendor\codeigniter4\framework\system\CodeIgniter.php(326): CodeIgniter\CodeIgniter->handleRequest(NULL, Object(Config\Cache), false)
#8 C:\xampp\htdocs\DhikaPegawai\public\index.php(37): CodeIgniter\CodeIgniter->run()
#9 C:\xampp\htdocs\DhikaPegawai\vendor\codeigniter4\framework\system\Commands\Server\rewrite.php(43): require_once('C:\\xampp\\htdocs...')
#10 {main}
CRITICAL - 2023-02-06 06:54:58 --> Trying to get property 'nama_pegawai' of non-object
#0 C:\xampp\htdocs\DhikaPegawai\app\Views\client\pages\editpegawai.php(44): CodeIgniter\Debug\Exceptions->errorHandler(8, 'Trying to get p...', 'C:\\xampp\\htdocs...', 44, Array)
#1 C:\xampp\htdocs\DhikaPegawai\vendor\codeigniter4\framework\system\View\View.php(210): include('C:\\xampp\\htdocs...')
#2 C:\xampp\htdocs\DhikaPegawai\vendor\codeigniter4\framework\system\View\View.php(213): CodeIgniter\View\View->CodeIgniter\View\{closure}()
#3 C:\xampp\htdocs\DhikaPegawai\vendor\codeigniter4\framework\system\Common.php(1089): CodeIgniter\View\View->render('client/pages/ed...', Array, true)
#4 C:\xampp\htdocs\DhikaPegawai\app\Controllers\admin\pegawai.php(51): view('client/pages/ed...', Array)
#5 C:\xampp\htdocs\DhikaPegawai\vendor\codeigniter4\framework\system\CodeIgniter.php(832): App\Controllers\admin\pegawai->edit('adminlte', 'dist', 'img', 'user3-128x128.j...')
#6 C:\xampp\htdocs\DhikaPegawai\vendor\codeigniter4\framework\system\CodeIgniter.php(419): CodeIgniter\CodeIgniter->runController(Object(App\Controllers\admin\pegawai))
#7 C:\xampp\htdocs\DhikaPegawai\vendor\codeigniter4\framework\system\CodeIgniter.php(326): CodeIgniter\CodeIgniter->handleRequest(NULL, Object(Config\Cache), false)
#8 C:\xampp\htdocs\DhikaPegawai\public\index.php(37): CodeIgniter\CodeIgniter->run()
#9 C:\xampp\htdocs\DhikaPegawai\vendor\codeigniter4\framework\system\Commands\Server\rewrite.php(43): require_once('C:\\xampp\\htdocs...')
#10 {main}
CRITICAL - 2023-02-06 07:44:23 --> Trying to get property 'nama_pegawai' of non-object
#0 C:\xampp\htdocs\DhikaPegawai\app\Views\client\pages\editpegawai.php(44): CodeIgniter\Debug\Exceptions->errorHandler(8, 'Trying to get p...', 'C:\\xampp\\htdocs...', 44, Array)
#1 C:\xampp\htdocs\DhikaPegawai\vendor\codeigniter4\framework\system\View\View.php(210): include('C:\\xampp\\htdocs...')
#2 C:\xampp\htdocs\DhikaPegawai\vendor\codeigniter4\framework\system\View\View.php(213): CodeIgniter\View\View->CodeIgniter\View\{closure}()
#3 C:\xampp\htdocs\DhikaPegawai\vendor\codeigniter4\framework\system\Common.php(1089): CodeIgniter\View\View->render('client/pages/ed...', Array, true)
#4 C:\xampp\htdocs\DhikaPegawai\app\Controllers\admin\pegawai.php(51): view('client/pages/ed...', Array)
#5 C:\xampp\htdocs\DhikaPegawai\vendor\codeigniter4\framework\system\CodeIgniter.php(832): App\Controllers\admin\pegawai->edit('adminlte', 'plugins', 'chart.js', 'Chart.min.js')
#6 C:\xampp\htdocs\DhikaPegawai\vendor\codeigniter4\framework\system\CodeIgniter.php(419): CodeIgniter\CodeIgniter->runController(Object(App\Controllers\admin\pegawai))
#7 C:\xampp\htdocs\DhikaPegawai\vendor\codeigniter4\framework\system\CodeIgniter.php(326): CodeIgniter\CodeIgniter->handleRequest(NULL, Object(Config\Cache), false)
#8 C:\xampp\htdocs\DhikaPegawai\public\index.php(37): CodeIgniter\CodeIgniter->run()
#9 C:\xampp\htdocs\DhikaPegawai\vendor\codeigniter4\framework\system\Commands\Server\rewrite.php(43): require_once('C:\\xampp\\htdocs...')
#10 {main}
CRITICAL - 2023-02-06 07:44:23 --> Trying to get property 'nama_pegawai' of non-object
#0 C:\xampp\htdocs\DhikaPegawai\app\Views\client\pages\editpegawai.php(44): CodeIgniter\Debug\Exceptions->errorHandler(8, 'Trying to get p...', 'C:\\xampp\\htdocs...', 44, Array)
#1 C:\xampp\htdocs\DhikaPegawai\vendor\codeigniter4\framework\system\View\View.php(210): include('C:\\xampp\\htdocs...')
#2 C:\xampp\htdocs\DhikaPegawai\vendor\codeigniter4\framework\system\View\View.php(213): CodeIgniter\View\View->CodeIgniter\View\{closure}()
#3 C:\xampp\htdocs\DhikaPegawai\vendor\codeigniter4\framework\system\Common.php(1089): CodeIgniter\View\View->render('client/pages/ed...', Array, true)
#4 C:\xampp\htdocs\DhikaPegawai\app\Controllers\admin\pegawai.php(51): view('client/pages/ed...', Array)
#5 C:\xampp\htdocs\DhikaPegawai\vendor\codeigniter4\framework\system\CodeIgniter.php(832): App\Controllers\admin\pegawai->edit('js', 'app.js')
#6 C:\xampp\htdocs\DhikaPegawai\vendor\codeigniter4\framework\system\CodeIgniter.php(419): CodeIgniter\CodeIgniter->runController(Object(App\Controllers\admin\pegawai))
#7 C:\xampp\htdocs\DhikaPegawai\vendor\codeigniter4\framework\system\CodeIgniter.php(326): CodeIgniter\CodeIgniter->handleRequest(NULL, Object(Config\Cache), false)
#8 C:\xampp\htdocs\DhikaPegawai\public\index.php(37): CodeIgniter\CodeIgniter->run()
#9 C:\xampp\htdocs\DhikaPegawai\vendor\codeigniter4\framework\system\Commands\Server\rewrite.php(43): require_once('C:\\xampp\\htdocs...')
#10 {main}
CRITICAL - 2023-02-06 07:44:23 --> Trying to get property 'nama_pegawai' of non-object
#0 C:\xampp\htdocs\DhikaPegawai\app\Views\client\pages\editpegawai.php(44): CodeIgniter\Debug\Exceptions->errorHandler(8, 'Trying to get p...', 'C:\\xampp\\htdocs...', 44, Array)
#1 C:\xampp\htdocs\DhikaPegawai\vendor\codeigniter4\framework\system\View\View.php(210): include('C:\\xampp\\htdocs...')
#2 C:\xampp\htdocs\DhikaPegawai\vendor\codeigniter4\framework\system\View\View.php(213): CodeIgniter\View\View->CodeIgniter\View\{closure}()
#3 C:\xampp\htdocs\DhikaPegawai\vendor\codeigniter4\framework\system\Common.php(1089): CodeIgniter\View\View->render('client/pages/ed...', Array, true)
#4 C:\xampp\htdocs\DhikaPegawai\app\Controllers\admin\pegawai.php(51): view('client/pages/ed...', Array)
#5 C:\xampp\htdocs\DhikaPegawai\vendor\codeigniter4\framework\system\CodeIgniter.php(832): App\Controllers\admin\pegawai->edit('adminlte', 'dist', 'img', 'user1-128x128.j...')
#6 C:\xampp\htdocs\DhikaPegawai\vendor\codeigniter4\framework\system\CodeIgniter.php(419): CodeIgniter\CodeIgniter->runController(Object(App\Controllers\admin\pegawai))
#7 C:\xampp\htdocs\DhikaPegawai\vendor\codeigniter4\framework\system\CodeIgniter.php(326): CodeIgniter\CodeIgniter->handleRequest(NULL, Object(Config\Cache), false)
#8 C:\xampp\htdocs\DhikaPegawai\public\index.php(37): CodeIgniter\CodeIgniter->run()
#9 C:\xampp\htdocs\DhikaPegawai\vendor\codeigniter4\framework\system\Commands\Server\rewrite.php(43): require_once('C:\\xampp\\htdocs...')
#10 {main}
CRITICAL - 2023-02-06 07:44:23 --> Trying to get property 'nama_pegawai' of non-object
#0 C:\xampp\htdocs\DhikaPegawai\app\Views\client\pages\editpegawai.php(44): CodeIgniter\Debug\Exceptions->errorHandler(8, 'Trying to get p...', 'C:\\xampp\\htdocs...', 44, Array)
#1 C:\xampp\htdocs\DhikaPegawai\vendor\codeigniter4\framework\system\View\View.php(210): include('C:\\xampp\\htdocs...')
#2 C:\xampp\htdocs\DhikaPegawai\vendor\codeigniter4\framework\system\View\View.php(213): CodeIgniter\View\View->CodeIgniter\View\{closure}()
#3 C:\xampp\htdocs\DhikaPegawai\vendor\codeigniter4\framework\system\Common.php(1089): CodeIgniter\View\View->render('client/pages/ed...', Array, true)
#4 C:\xampp\htdocs\DhikaPegawai\app\Controllers\admin\pegawai.php(51): view('client/pages/ed...', Array)
#5 C:\xampp\htdocs\DhikaPegawai\vendor\codeigniter4\framework\system\CodeIgniter.php(832): App\Controllers\admin\pegawai->edit('adminlte', 'dist', 'img', 'user8-128x128.j...')
#6 C:\xampp\htdocs\DhikaPegawai\vendor\codeigniter4\framework\system\CodeIgniter.php(419): CodeIgniter\CodeIgniter->runController(Object(App\Controllers\admin\pegawai))
#7 C:\xampp\htdocs\DhikaPegawai\vendor\codeigniter4\framework\system\CodeIgniter.php(326): CodeIgniter\CodeIgniter->handleRequest(NULL, Object(Config\Cache), false)
#8 C:\xampp\htdocs\DhikaPegawai\public\index.php(37): CodeIgniter\CodeIgniter->run()
#9 C:\xampp\htdocs\DhikaPegawai\vendor\codeigniter4\framework\system\Commands\Server\rewrite.php(43): require_once('C:\\xampp\\htdocs...')
#10 {main}
CRITICAL - 2023-02-06 07:44:23 --> Trying to get property 'nama_pegawai' of non-object
#0 C:\xampp\htdocs\DhikaPegawai\app\Views\client\pages\editpegawai.php(44): CodeIgniter\Debug\Exceptions->errorHandler(8, 'Trying to get p...', 'C:\\xampp\\htdocs...', 44, Array)
#1 C:\xampp\htdocs\DhikaPegawai\vendor\codeigniter4\framework\system\View\View.php(210): include('C:\\xampp\\htdocs...')
#2 C:\xampp\htdocs\DhikaPegawai\vendor\codeigniter4\framework\system\View\View.php(213): CodeIgniter\View\View->CodeIgniter\View\{closure}()
#3 C:\xampp\htdocs\DhikaPegawai\vendor\codeigniter4\framework\system\Common.php(1089): CodeIgniter\View\View->render('client/pages/ed...', Array, true)
#4 C:\xampp\htdocs\DhikaPegawai\app\Controllers\admin\pegawai.php(51): view('client/pages/ed...', Array)
#5 C:\xampp\htdocs\DhikaPegawai\vendor\codeigniter4\framework\system\CodeIgniter.php(832): App\Controllers\admin\pegawai->edit('adminlte', 'dist', 'img', 'user3-128x128.j...')
#6 C:\xampp\htdocs\DhikaPegawai\vendor\codeigniter4\framework\system\CodeIgniter.php(419): CodeIgniter\CodeIgniter->runController(Object(App\Controllers\admin\pegawai))
#7 C:\xampp\htdocs\DhikaPegawai\vendor\codeigniter4\framework\system\CodeIgniter.php(326): CodeIgniter\CodeIgniter->handleRequest(NULL, Object(Config\Cache), false)
#8 C:\xampp\htdocs\DhikaPegawai\public\index.php(37): CodeIgniter\CodeIgniter->run()
#9 C:\xampp\htdocs\DhikaPegawai\vendor\codeigniter4\framework\system\Commands\Server\rewrite.php(43): require_once('C:\\xampp\\htdocs...')
#10 {main}
CRITICAL - 2023-02-06 07:44:57 --> Trying to get property 'nama_pegawai' of non-object
#0 C:\xampp\htdocs\DhikaPegawai\app\Views\client\pages\editpegawai.php(44): CodeIgniter\Debug\Exceptions->errorHandler(8, 'Trying to get p...', 'C:\\xampp\\htdocs...', 44, Array)
#1 C:\xampp\htdocs\DhikaPegawai\vendor\codeigniter4\framework\system\View\View.php(210): include('C:\\xampp\\htdocs...')
#2 C:\xampp\htdocs\DhikaPegawai\vendor\codeigniter4\framework\system\View\View.php(213): CodeIgniter\View\View->CodeIgniter\View\{closure}()
#3 C:\xampp\htdocs\DhikaPegawai\vendor\codeigniter4\framework\system\Common.php(1089): CodeIgniter\View\View->render('client/pages/ed...', Array, true)
#4 C:\xampp\htdocs\DhikaPegawai\app\Controllers\admin\pegawai.php(51): view('client/pages/ed...', Array)
#5 C:\xampp\htdocs\DhikaPegawai\vendor\codeigniter4\framework\system\CodeIgniter.php(832): App\Controllers\admin\pegawai->edit('adminlte', 'plugins', 'chart.js', 'Chart.min.js')
#6 C:\xampp\htdocs\DhikaPegawai\vendor\codeigniter4\framework\system\CodeIgniter.php(419): CodeIgniter\CodeIgniter->runController(Object(App\Controllers\admin\pegawai))
#7 C:\xampp\htdocs\DhikaPegawai\vendor\codeigniter4\framework\system\CodeIgniter.php(326): CodeIgniter\CodeIgniter->handleRequest(NULL, Object(Config\Cache), false)
#8 C:\xampp\htdocs\DhikaPegawai\public\index.php(37): CodeIgniter\CodeIgniter->run()
#9 C:\xampp\htdocs\DhikaPegawai\vendor\codeigniter4\framework\system\Commands\Server\rewrite.php(43): require_once('C:\\xampp\\htdocs...')
#10 {main}
CRITICAL - 2023-02-06 07:44:57 --> Trying to get property 'nama_pegawai' of non-object
#0 C:\xampp\htdocs\DhikaPegawai\app\Views\client\pages\editpegawai.php(44): CodeIgniter\Debug\Exceptions->errorHandler(8, 'Trying to get p...', 'C:\\xampp\\htdocs...', 44, Array)
#1 C:\xampp\htdocs\DhikaPegawai\vendor\codeigniter4\framework\system\View\View.php(210): include('C:\\xampp\\htdocs...')
#2 C:\xampp\htdocs\DhikaPegawai\vendor\codeigniter4\framework\system\View\View.php(213): CodeIgniter\View\View->CodeIgniter\View\{closure}()
#3 C:\xampp\htdocs\DhikaPegawai\vendor\codeigniter4\framework\system\Common.php(1089): CodeIgniter\View\View->render('client/pages/ed...', Array, true)
#4 C:\xampp\htdocs\DhikaPegawai\app\Controllers\admin\pegawai.php(51): view('client/pages/ed...', Array)
#5 C:\xampp\htdocs\DhikaPegawai\vendor\codeigniter4\framework\system\CodeIgniter.php(832): App\Controllers\admin\pegawai->edit('js', 'app.js')
#6 C:\xampp\htdocs\DhikaPegawai\vendor\codeigniter4\framework\system\CodeIgniter.php(419): CodeIgniter\CodeIgniter->runController(Object(App\Controllers\admin\pegawai))
#7 C:\xampp\htdocs\DhikaPegawai\vendor\codeigniter4\framework\system\CodeIgniter.php(326): CodeIgniter\CodeIgniter->handleRequest(NULL, Object(Config\Cache), false)
#8 C:\xampp\htdocs\DhikaPegawai\public\index.php(37): CodeIgniter\CodeIgniter->run()
#9 C:\xampp\htdocs\DhikaPegawai\vendor\codeigniter4\framework\system\Commands\Server\rewrite.php(43): require_once('C:\\xampp\\htdocs...')
#10 {main}
CRITICAL - 2023-02-06 07:44:57 --> Trying to get property 'nama_pegawai' of non-object
#0 C:\xampp\htdocs\DhikaPegawai\app\Views\client\pages\editpegawai.php(44): CodeIgniter\Debug\Exceptions->errorHandler(8, 'Trying to get p...', 'C:\\xampp\\htdocs...', 44, Array)
#1 C:\xampp\htdocs\DhikaPegawai\vendor\codeigniter4\framework\system\View\View.php(210): include('C:\\xampp\\htdocs...')
#2 C:\xampp\htdocs\DhikaPegawai\vendor\codeigniter4\framework\system\View\View.php(213): CodeIgniter\View\View->CodeIgniter\View\{closure}()
#3 C:\xampp\htdocs\DhikaPegawai\vendor\codeigniter4\framework\system\Common.php(1089): CodeIgniter\View\View->render('client/pages/ed...', Array, true)
#4 C:\xampp\htdocs\DhikaPegawai\app\Controllers\admin\pegawai.php(51): view('client/pages/ed...', Array)
#5 C:\xampp\htdocs\DhikaPegawai\vendor\codeigniter4\framework\system\CodeIgniter.php(832): App\Controllers\admin\pegawai->edit('adminlte', 'dist', 'img', 'user1-128x128.j...')
#6 C:\xampp\htdocs\DhikaPegawai\vendor\codeigniter4\framework\system\CodeIgniter.php(419): CodeIgniter\CodeIgniter->runController(Object(App\Controllers\admin\pegawai))
#7 C:\xampp\htdocs\DhikaPegawai\vendor\codeigniter4\framework\system\CodeIgniter.php(326): CodeIgniter\CodeIgniter->handleRequest(NULL, Object(Config\Cache), false)
#8 C:\xampp\htdocs\DhikaPegawai\public\index.php(37): CodeIgniter\CodeIgniter->run()
#9 C:\xampp\htdocs\DhikaPegawai\vendor\codeigniter4\framework\system\Commands\Server\rewrite.php(43): require_once('C:\\xampp\\htdocs...')
#10 {main}
CRITICAL - 2023-02-06 07:44:57 --> Trying to get property 'nama_pegawai' of non-object
#0 C:\xampp\htdocs\DhikaPegawai\app\Views\client\pages\editpegawai.php(44): CodeIgniter\Debug\Exceptions->errorHandler(8, 'Trying to get p...', 'C:\\xampp\\htdocs...', 44, Array)
#1 C:\xampp\htdocs\DhikaPegawai\vendor\codeigniter4\framework\system\View\View.php(210): include('C:\\xampp\\htdocs...')
#2 C:\xampp\htdocs\DhikaPegawai\vendor\codeigniter4\framework\system\View\View.php(213): CodeIgniter\View\View->CodeIgniter\View\{closure}()
#3 C:\xampp\htdocs\DhikaPegawai\vendor\codeigniter4\framework\system\Common.php(1089): CodeIgniter\View\View->render('client/pages/ed...', Array, true)
#4 C:\xampp\htdocs\DhikaPegawai\app\Controllers\admin\pegawai.php(51): view('client/pages/ed...', Array)
#5 C:\xampp\htdocs\DhikaPegawai\vendor\codeigniter4\framework\system\CodeIgniter.php(832): App\Controllers\admin\pegawai->edit('adminlte', 'dist', 'img', 'user8-128x128.j...')
#6 C:\xampp\htdocs\DhikaPegawai\vendor\codeigniter4\framework\system\CodeIgniter.php(419): CodeIgniter\CodeIgniter->runController(Object(App\Controllers\admin\pegawai))
#7 C:\xampp\htdocs\DhikaPegawai\vendor\codeigniter4\framework\system\CodeIgniter.php(326): CodeIgniter\CodeIgniter->handleRequest(NULL, Object(Config\Cache), false)
#8 C:\xampp\htdocs\DhikaPegawai\public\index.php(37): CodeIgniter\CodeIgniter->run()
#9 C:\xampp\htdocs\DhikaPegawai\vendor\codeigniter4\framework\system\Commands\Server\rewrite.php(43): require_once('C:\\xampp\\htdocs...')
#10 {main}
CRITICAL - 2023-02-06 07:44:58 --> Trying to get property 'nama_pegawai' of non-object
#0 C:\xampp\htdocs\DhikaPegawai\app\Views\client\pages\editpegawai.php(44): CodeIgniter\Debug\Exceptions->errorHandler(8, 'Trying to get p...', 'C:\\xampp\\htdocs...', 44, Array)
#1 C:\xampp\htdocs\DhikaPegawai\vendor\codeigniter4\framework\system\View\View.php(210): include('C:\\xampp\\htdocs...')
#2 C:\xampp\htdocs\DhikaPegawai\vendor\codeigniter4\framework\system\View\View.php(213): CodeIgniter\View\View->CodeIgniter\View\{closure}()
#3 C:\xampp\htdocs\DhikaPegawai\vendor\codeigniter4\framework\system\Common.php(1089): CodeIgniter\View\View->render('client/pages/ed...', Array, true)
#4 C:\xampp\htdocs\DhikaPegawai\app\Controllers\admin\pegawai.php(51): view('client/pages/ed...', Array)
#5 C:\xampp\htdocs\DhikaPegawai\vendor\codeigniter4\framework\system\CodeIgniter.php(832): App\Controllers\admin\pegawai->edit('adminlte', 'dist', 'img', 'user3-128x128.j...')
#6 C:\xampp\htdocs\DhikaPegawai\vendor\codeigniter4\framework\system\CodeIgniter.php(419): CodeIgniter\CodeIgniter->runController(Object(App\Controllers\admin\pegawai))
#7 C:\xampp\htdocs\DhikaPegawai\vendor\codeigniter4\framework\system\CodeIgniter.php(326): CodeIgniter\CodeIgniter->handleRequest(NULL, Object(Config\Cache), false)
#8 C:\xampp\htdocs\DhikaPegawai\public\index.php(37): CodeIgniter\CodeIgniter->run()
#9 C:\xampp\htdocs\DhikaPegawai\vendor\codeigniter4\framework\system\Commands\Server\rewrite.php(43): require_once('C:\\xampp\\htdocs...')
#10 {main}
CRITICAL - 2023-02-06 07:45:00 --> Trying to get property 'nama_pegawai' of non-object
#0 C:\xampp\htdocs\DhikaPegawai\app\Views\client\pages\editpegawai.php(44): CodeIgniter\Debug\Exceptions->errorHandler(8, 'Trying to get p...', 'C:\\xampp\\htdocs...', 44, Array)
#1 C:\xampp\htdocs\DhikaPegawai\vendor\codeigniter4\framework\system\View\View.php(210): include('C:\\xampp\\htdocs...')
#2 C:\xampp\htdocs\DhikaPegawai\vendor\codeigniter4\framework\system\View\View.php(213): CodeIgniter\View\View->CodeIgniter\View\{closure}()
#3 C:\xampp\htdocs\DhikaPegawai\vendor\codeigniter4\framework\system\Common.php(1089): CodeIgniter\View\View->render('client/pages/ed...', Array, true)
#4 C:\xampp\htdocs\DhikaPegawai\app\Controllers\admin\pegawai.php(51): view('client/pages/ed...', Array)
#5 C:\xampp\htdocs\DhikaPegawai\vendor\codeigniter4\framework\system\CodeIgniter.php(832): App\Controllers\admin\pegawai->edit('adminlte', 'plugins', 'chart.js', 'Chart.min.js')
#6 C:\xampp\htdocs\DhikaPegawai\vendor\codeigniter4\framework\system\CodeIgniter.php(419): CodeIgniter\CodeIgniter->runController(Object(App\Controllers\admin\pegawai))
#7 C:\xampp\htdocs\DhikaPegawai\vendor\codeigniter4\framework\system\CodeIgniter.php(326): CodeIgniter\CodeIgniter->handleRequest(NULL, Object(Config\Cache), false)
#8 C:\xampp\htdocs\DhikaPegawai\public\index.php(37): CodeIgniter\CodeIgniter->run()
#9 C:\xampp\htdocs\DhikaPegawai\vendor\codeigniter4\framework\system\Commands\Server\rewrite.php(43): require_once('C:\\xampp\\htdocs...')
#10 {main}
CRITICAL - 2023-02-06 07:45:00 --> Trying to get property 'nama_pegawai' of non-object
#0 C:\xampp\htdocs\DhikaPegawai\app\Views\client\pages\editpegawai.php(44): CodeIgniter\Debug\Exceptions->errorHandler(8, 'Trying to get p...', 'C:\\xampp\\htdocs...', 44, Array)
#1 C:\xampp\htdocs\DhikaPegawai\vendor\codeigniter4\framework\system\View\View.php(210): include('C:\\xampp\\htdocs...')
#2 C:\xampp\htdocs\DhikaPegawai\vendor\codeigniter4\framework\system\View\View.php(213): CodeIgniter\View\View->CodeIgniter\View\{closure}()
#3 C:\xampp\htdocs\DhikaPegawai\vendor\codeigniter4\framework\system\Common.php(1089): CodeIgniter\View\View->render('client/pages/ed...', Array, true)
#4 C:\xampp\htdocs\DhikaPegawai\app\Controllers\admin\pegawai.php(51): view('client/pages/ed...', Array)
#5 C:\xampp\htdocs\DhikaPegawai\vendor\codeigniter4\framework\system\CodeIgniter.php(832): App\Controllers\admin\pegawai->edit('adminlte', 'dist', 'img', 'user8-128x128.j...')
#6 C:\xampp\htdocs\DhikaPegawai\vendor\codeigniter4\framework\system\CodeIgniter.php(419): CodeIgniter\CodeIgniter->runController(Object(App\Controllers\admin\pegawai))
#7 C:\xampp\htdocs\DhikaPegawai\vendor\codeigniter4\framework\system\CodeIgniter.php(326): CodeIgniter\CodeIgniter->handleRequest(NULL, Object(Config\Cache), false)
#8 C:\xampp\htdocs\DhikaPegawai\public\index.php(37): CodeIgniter\CodeIgniter->run()
#9 C:\xampp\htdocs\DhikaPegawai\vendor\codeigniter4\framework\system\Commands\Server\rewrite.php(43): require_once('C:\\xampp\\htdocs...')
#10 {main}
CRITICAL - 2023-02-06 07:45:00 --> Trying to get property 'nama_pegawai' of non-object
#0 C:\xampp\htdocs\DhikaPegawai\app\Views\client\pages\editpegawai.php(44): CodeIgniter\Debug\Exceptions->errorHandler(8, 'Trying to get p...', 'C:\\xampp\\htdocs...', 44, Array)
#1 C:\xampp\htdocs\DhikaPegawai\vendor\codeigniter4\framework\system\View\View.php(210): include('C:\\xampp\\htdocs...')
#2 C:\xampp\htdocs\DhikaPegawai\vendor\codeigniter4\framework\system\View\View.php(213): CodeIgniter\View\View->CodeIgniter\View\{closure}()
#3 C:\xampp\htdocs\DhikaPegawai\vendor\codeigniter4\framework\system\Common.php(1089): CodeIgniter\View\View->render('client/pages/ed...', Array, true)
#4 C:\xampp\htdocs\DhikaPegawai\app\Controllers\admin\pegawai.php(51): view('client/pages/ed...', Array)
#5 C:\xampp\htdocs\DhikaPegawai\vendor\codeigniter4\framework\system\CodeIgniter.php(832): App\Controllers\admin\pegawai->edit('js', 'app.js')
#6 C:\xampp\htdocs\DhikaPegawai\vendor\codeigniter4\framework\system\CodeIgniter.php(419): CodeIgniter\CodeIgniter->runController(Object(App\Controllers\admin\pegawai))
#7 C:\xampp\htdocs\DhikaPegawai\vendor\codeigniter4\framework\system\CodeIgniter.php(326): CodeIgniter\CodeIgniter->handleRequest(NULL, Object(Config\Cache), false)
#8 C:\xampp\htdocs\DhikaPegawai\public\index.php(37): CodeIgniter\CodeIgniter->run()
#9 C:\xampp\htdocs\DhikaPegawai\vendor\codeigniter4\framework\system\Commands\Server\rewrite.php(43): require_once('C:\\xampp\\htdocs...')
#10 {main}
CRITICAL - 2023-02-06 07:45:01 --> Trying to get property 'nama_pegawai' of non-object
#0 C:\xampp\htdocs\DhikaPegawai\app\Views\client\pages\editpegawai.php(44): CodeIgniter\Debug\Exceptions->errorHandler(8, 'Trying to get p...', 'C:\\xampp\\htdocs...', 44, Array)
#1 C:\xampp\htdocs\DhikaPegawai\vendor\codeigniter4\framework\system\View\View.php(210): include('C:\\xampp\\htdocs...')
#2 C:\xampp\htdocs\DhikaPegawai\vendor\codeigniter4\framework\system\View\View.php(213): CodeIgniter\View\View->CodeIgniter\View\{closure}()
#3 C:\xampp\htdocs\DhikaPegawai\vendor\codeigniter4\framework\system\Common.php(1089): CodeIgniter\View\View->render('client/pages/ed...', Array, true)
#4 C:\xampp\htdocs\DhikaPegawai\app\Controllers\admin\pegawai.php(51): view('client/pages/ed...', Array)
#5 C:\xampp\htdocs\DhikaPegawai\vendor\codeigniter4\framework\system\CodeIgniter.php(832): App\Controllers\admin\pegawai->edit('adminlte', 'dist', 'img', 'user1-128x128.j...')
#6 C:\xampp\htdocs\DhikaPegawai\vendor\codeigniter4\framework\system\CodeIgniter.php(419): CodeIgniter\CodeIgniter->runController(Object(App\Controllers\admin\pegawai))
#7 C:\xampp\htdocs\DhikaPegawai\vendor\codeigniter4\framework\system\CodeIgniter.php(326): CodeIgniter\CodeIgniter->handleRequest(NULL, Object(Config\Cache), false)
#8 C:\xampp\htdocs\DhikaPegawai\public\index.php(37): CodeIgniter\CodeIgniter->run()
#9 C:\xampp\htdocs\DhikaPegawai\vendor\codeigniter4\framework\system\Commands\Server\rewrite.php(43): require_once('C:\\xampp\\htdocs...')
#10 {main}
CRITICAL - 2023-02-06 07:45:01 --> Trying to get property 'nama_pegawai' of non-object
#0 C:\xampp\htdocs\DhikaPegawai\app\Views\client\pages\editpegawai.php(44): CodeIgniter\Debug\Exceptions->errorHandler(8, 'Trying to get p...', 'C:\\xampp\\htdocs...', 44, Array)
#1 C:\xampp\htdocs\DhikaPegawai\vendor\codeigniter4\framework\system\View\View.php(210): include('C:\\xampp\\htdocs...')
#2 C:\xampp\htdocs\DhikaPegawai\vendor\codeigniter4\framework\system\View\View.php(213): CodeIgniter\View\View->CodeIgniter\View\{closure}()
#3 C:\xampp\htdocs\DhikaPegawai\vendor\codeigniter4\framework\system\Common.php(1089): CodeIgniter\View\View->render('client/pages/ed...', Array, true)
#4 C:\xampp\htdocs\DhikaPegawai\app\Controllers\admin\pegawai.php(51): view('client/pages/ed...', Array)
#5 C:\xampp\htdocs\DhikaPegawai\vendor\codeigniter4\framework\system\CodeIgniter.php(832): App\Controllers\admin\pegawai->edit('adminlte', 'dist', 'img', 'user3-128x128.j...')
#6 C:\xampp\htdocs\DhikaPegawai\vendor\codeigniter4\framework\system\CodeIgniter.php(419): CodeIgniter\CodeIgniter->runController(Object(App\Controllers\admin\pegawai))
#7 C:\xampp\htdocs\DhikaPegawai\vendor\codeigniter4\framework\system\CodeIgniter.php(326): CodeIgniter\CodeIgniter->handleRequest(NULL, Object(Config\Cache), false)
#8 C:\xampp\htdocs\DhikaPegawai\public\index.php(37): CodeIgniter\CodeIgniter->run()
#9 C:\xampp\htdocs\DhikaPegawai\vendor\codeigniter4\framework\system\Commands\Server\rewrite.php(43): require_once('C:\\xampp\\htdocs...')
#10 {main}
CRITICAL - 2023-02-06 07:45:04 --> Too few arguments to function App\Controllers\admin\pegawai::edit(), 0 passed in C:\xampp\htdocs\DhikaPegawai\vendor\codeigniter4\framework\system\CodeIgniter.php on line 832 and exactly 1 expected
#0 C:\xampp\htdocs\DhikaPegawai\vendor\codeigniter4\framework\system\CodeIgniter.php(832): App\Controllers\admin\pegawai->edit()
#1 C:\xampp\htdocs\DhikaPegawai\vendor\codeigniter4\framework\system\CodeIgniter.php(419): CodeIgniter\CodeIgniter->runController(Object(App\Controllers\admin\pegawai))
#2 C:\xampp\htdocs\DhikaPegawai\vendor\codeigniter4\framework\system\CodeIgniter.php(326): CodeIgniter\CodeIgniter->handleRequest(NULL, Object(Config\Cache), false)
#3 C:\xampp\htdocs\DhikaPegawai\public\index.php(37): CodeIgniter\CodeIgniter->run()
#4 C:\xampp\htdocs\DhikaPegawai\vendor\codeigniter4\framework\system\Commands\Server\rewrite.php(43): require_once('C:\\xampp\\htdocs...')
#5 {main}
CRITICAL - 2023-02-06 07:45:09 --> Trying to get property 'nama_pegawai' of non-object
#0 C:\xampp\htdocs\DhikaPegawai\app\Views\client\pages\editpegawai.php(44): CodeIgniter\Debug\Exceptions->errorHandler(8, 'Trying to get p...', 'C:\\xampp\\htdocs...', 44, Array)
#1 C:\xampp\htdocs\DhikaPegawai\vendor\codeigniter4\framework\system\View\View.php(210): include('C:\\xampp\\htdocs...')
#2 C:\xampp\htdocs\DhikaPegawai\vendor\codeigniter4\framework\system\View\View.php(213): CodeIgniter\View\View->CodeIgniter\View\{closure}()
#3 C:\xampp\htdocs\DhikaPegawai\vendor\codeigniter4\framework\system\Common.php(1089): CodeIgniter\View\View->render('client/pages/ed...', Array, true)
#4 C:\xampp\htdocs\DhikaPegawai\app\Controllers\admin\pegawai.php(51): view('client/pages/ed...', Array)
#5 C:\xampp\htdocs\DhikaPegawai\vendor\codeigniter4\framework\system\CodeIgniter.php(832): App\Controllers\admin\pegawai->edit('adminlte', 'plugins', 'chart.js', 'Chart.min.js')
#6 C:\xampp\htdocs\DhikaPegawai\vendor\codeigniter4\framework\system\CodeIgniter.php(419): CodeIgniter\CodeIgniter->runController(Object(App\Controllers\admin\pegawai))
#7 C:\xampp\htdocs\DhikaPegawai\vendor\codeigniter4\framework\system\CodeIgniter.php(326): CodeIgniter\CodeIgniter->handleRequest(NULL, Object(Config\Cache), false)
#8 C:\xampp\htdocs\DhikaPegawai\public\index.php(37): CodeIgniter\CodeIgniter->run()
#9 C:\xampp\htdocs\DhikaPegawai\vendor\codeigniter4\framework\system\Commands\Server\rewrite.php(43): require_once('C:\\xampp\\htdocs...')
#10 {main}
CRITICAL - 2023-02-06 07:45:09 --> Trying to get property 'nama_pegawai' of non-object
#0 C:\xampp\htdocs\DhikaPegawai\app\Views\client\pages\editpegawai.php(44): CodeIgniter\Debug\Exceptions->errorHandler(8, 'Trying to get p...', 'C:\\xampp\\htdocs...', 44, Array)
#1 C:\xampp\htdocs\DhikaPegawai\vendor\codeigniter4\framework\system\View\View.php(210): include('C:\\xampp\\htdocs...')
#2 C:\xampp\htdocs\DhikaPegawai\vendor\codeigniter4\framework\system\View\View.php(213): CodeIgniter\View\View->CodeIgniter\View\{closure}()
#3 C:\xampp\htdocs\DhikaPegawai\vendor\codeigniter4\framework\system\Common.php(1089): CodeIgniter\View\View->render('client/pages/ed...', Array, true)
#4 C:\xampp\htdocs\DhikaPegawai\app\Controllers\admin\pegawai.php(51): view('client/pages/ed...', Array)
#5 C:\xampp\htdocs\DhikaPegawai\vendor\codeigniter4\framework\system\CodeIgniter.php(832): App\Controllers\admin\pegawai->edit('js', 'app.js')
#6 C:\xampp\htdocs\DhikaPegawai\vendor\codeigniter4\framework\system\CodeIgniter.php(419): CodeIgniter\CodeIgniter->runController(Object(App\Controllers\admin\pegawai))
#7 C:\xampp\htdocs\DhikaPegawai\vendor\codeigniter4\framework\system\CodeIgniter.php(326): CodeIgniter\CodeIgniter->handleRequest(NULL, Object(Config\Cache), false)
#8 C:\xampp\htdocs\DhikaPegawai\public\index.php(37): CodeIgniter\CodeIgniter->run()
#9 C:\xampp\htdocs\DhikaPegawai\vendor\codeigniter4\framework\system\Commands\Server\rewrite.php(43): require_once('C:\\xampp\\htdocs...')
#10 {main}
CRITICAL - 2023-02-06 07:45:09 --> Trying to get property 'nama_pegawai' of non-object
#0 C:\xampp\htdocs\DhikaPegawai\app\Views\client\pages\editpegawai.php(44): CodeIgniter\Debug\Exceptions->errorHandler(8, 'Trying to get p...', 'C:\\xampp\\htdocs...', 44, Array)
#1 C:\xampp\htdocs\DhikaPegawai\vendor\codeigniter4\framework\system\View\View.php(210): include('C:\\xampp\\htdocs...')
#2 C:\xampp\htdocs\DhikaPegawai\vendor\codeigniter4\framework\system\View\View.php(213): CodeIgniter\View\View->CodeIgniter\View\{closure}()
#3 C:\xampp\htdocs\DhikaPegawai\vendor\codeigniter4\framework\system\Common.php(1089): CodeIgniter\View\View->render('client/pages/ed...', Array, true)
#4 C:\xampp\htdocs\DhikaPegawai\app\Controllers\admin\pegawai.php(51): view('client/pages/ed...', Array)
#5 C:\xampp\htdocs\DhikaPegawai\vendor\codeigniter4\framework\system\CodeIgniter.php(832): App\Controllers\admin\pegawai->edit('adminlte', 'dist', 'img', 'user1-128x128.j...')
#6 C:\xampp\htdocs\DhikaPegawai\vendor\codeigniter4\framework\system\CodeIgniter.php(419): CodeIgniter\CodeIgniter->runController(Object(App\Controllers\admin\pegawai))
#7 C:\xampp\htdocs\DhikaPegawai\vendor\codeigniter4\framework\system\CodeIgniter.php(326): CodeIgniter\CodeIgniter->handleRequest(NULL, Object(Config\Cache), false)
#8 C:\xampp\htdocs\DhikaPegawai\public\index.php(37): CodeIgniter\CodeIgniter->run()
#9 C:\xampp\htdocs\DhikaPegawai\vendor\codeigniter4\framework\system\Commands\Server\rewrite.php(43): require_once('C:\\xampp\\htdocs...')
#10 {main}
CRITICAL - 2023-02-06 07:45:09 --> Trying to get property 'nama_pegawai' of non-object
#0 C:\xampp\htdocs\DhikaPegawai\app\Views\client\pages\editpegawai.php(44): CodeIgniter\Debug\Exceptions->errorHandler(8, 'Trying to get p...', 'C:\\xampp\\htdocs...', 44, Array)
#1 C:\xampp\htdocs\DhikaPegawai\vendor\codeigniter4\framework\system\View\View.php(210): include('C:\\xampp\\htdocs...')
#2 C:\xampp\htdocs\DhikaPegawai\vendor\codeigniter4\framework\system\View\View.php(213): CodeIgniter\View\View->CodeIgniter\View\{closure}()
#3 C:\xampp\htdocs\DhikaPegawai\vendor\codeigniter4\framework\system\Common.php(1089): CodeIgniter\View\View->render('client/pages/ed...', Array, true)
#4 C:\xampp\htdocs\DhikaPegawai\app\Controllers\admin\pegawai.php(51): view('client/pages/ed...', Array)
#5 C:\xampp\htdocs\DhikaPegawai\vendor\codeigniter4\framework\system\CodeIgniter.php(832): App\Controllers\admin\pegawai->edit('adminlte', 'dist', 'img', 'user8-128x128.j...')
#6 C:\xampp\htdocs\DhikaPegawai\vendor\codeigniter4\framework\system\CodeIgniter.php(419): CodeIgniter\CodeIgniter->runController(Object(App\Controllers\admin\pegawai))
#7 C:\xampp\htdocs\DhikaPegawai\vendor\codeigniter4\framework\system\CodeIgniter.php(326): CodeIgniter\CodeIgniter->handleRequest(NULL, Object(Config\Cache), false)
#8 C:\xampp\htdocs\DhikaPegawai\public\index.php(37): CodeIgniter\CodeIgniter->run()
#9 C:\xampp\htdocs\DhikaPegawai\vendor\codeigniter4\framework\system\Commands\Server\rewrite.php(43): require_once('C:\\xampp\\htdocs...')
#10 {main}
CRITICAL - 2023-02-06 07:45:09 --> Trying to get property 'nama_pegawai' of non-object
#0 C:\xampp\htdocs\DhikaPegawai\app\Views\client\pages\editpegawai.php(44): CodeIgniter\Debug\Exceptions->errorHandler(8, 'Trying to get p...', 'C:\\xampp\\htdocs...', 44, Array)
#1 C:\xampp\htdocs\DhikaPegawai\vendor\codeigniter4\framework\system\View\View.php(210): include('C:\\xampp\\htdocs...')
#2 C:\xampp\htdocs\DhikaPegawai\vendor\codeigniter4\framework\system\View\View.php(213): CodeIgniter\View\View->CodeIgniter\View\{closure}()
#3 C:\xampp\htdocs\DhikaPegawai\vendor\codeigniter4\framework\system\Common.php(1089): CodeIgniter\View\View->render('client/pages/ed...', Array, true)
#4 C:\xampp\htdocs\DhikaPegawai\app\Controllers\admin\pegawai.php(51): view('client/pages/ed...', Array)
#5 C:\xampp\htdocs\DhikaPegawai\vendor\codeigniter4\framework\system\CodeIgniter.php(832): App\Controllers\admin\pegawai->edit('adminlte', 'dist', 'img', 'user3-128x128.j...')
#6 C:\xampp\htdocs\DhikaPegawai\vendor\codeigniter4\framework\system\CodeIgniter.php(419): CodeIgniter\CodeIgniter->runController(Object(App\Controllers\admin\pegawai))
#7 C:\xampp\htdocs\DhikaPegawai\vendor\codeigniter4\framework\system\CodeIgniter.php(326): CodeIgniter\CodeIgniter->handleRequest(NULL, Object(Config\Cache), false)
#8 C:\xampp\htdocs\DhikaPegawai\public\index.php(37): CodeIgniter\CodeIgniter->run()
#9 C:\xampp\htdocs\DhikaPegawai\vendor\codeigniter4\framework\system\Commands\Server\rewrite.php(43): require_once('C:\\xampp\\htdocs...')
#10 {main}
CRITICAL - 2023-02-06 07:46:40 --> Trying to get property 'nama_pegawai' of non-object
#0 C:\xampp\htdocs\DhikaPegawai\app\Views\client\pages\editpegawai.php(44): CodeIgniter\Debug\Exceptions->errorHandler(8, 'Trying to get p...', 'C:\\xampp\\htdocs...', 44, Array)
#1 C:\xampp\htdocs\DhikaPegawai\vendor\codeigniter4\framework\system\View\View.php(210): include('C:\\xampp\\htdocs...')
#2 C:\xampp\htdocs\DhikaPegawai\vendor\codeigniter4\framework\system\View\View.php(213): CodeIgniter\View\View->CodeIgniter\View\{closure}()
#3 C:\xampp\htdocs\DhikaPegawai\vendor\codeigniter4\framework\system\Common.php(1089): CodeIgniter\View\View->render('client/pages/ed...', Array, true)
#4 C:\xampp\htdocs\DhikaPegawai\app\Controllers\admin\pegawai.php(51): view('client/pages/ed...', Array)
#5 C:\xampp\htdocs\DhikaPegawai\vendor\codeigniter4\framework\system\CodeIgniter.php(832): App\Controllers\admin\pegawai->edit('adminlte', 'plugins', 'chart.js', 'Chart.min.js')
#6 C:\xampp\htdocs\DhikaPegawai\vendor\codeigniter4\framework\system\CodeIgniter.php(419): CodeIgniter\CodeIgniter->runController(Object(App\Controllers\admin\pegawai))
#7 C:\xampp\htdocs\DhikaPegawai\vendor\codeigniter4\framework\system\CodeIgniter.php(326): CodeIgniter\CodeIgniter->handleRequest(NULL, Object(Config\Cache), false)
#8 C:\xampp\htdocs\DhikaPegawai\public\index.php(37): CodeIgniter\CodeIgniter->run()
#9 C:\xampp\htdocs\DhikaPegawai\vendor\codeigniter4\framework\system\Commands\Server\rewrite.php(43): require_once('C:\\xampp\\htdocs...')
#10 {main}
CRITICAL - 2023-02-06 07:46:40 --> Trying to get property 'nama_pegawai' of non-object
#0 C:\xampp\htdocs\DhikaPegawai\app\Views\client\pages\editpegawai.php(44): CodeIgniter\Debug\Exceptions->errorHandler(8, 'Trying to get p...', 'C:\\xampp\\htdocs...', 44, Array)
#1 C:\xampp\htdocs\DhikaPegawai\vendor\codeigniter4\framework\system\View\View.php(210): include('C:\\xampp\\htdocs...')
#2 C:\xampp\htdocs\DhikaPegawai\vendor\codeigniter4\framework\system\View\View.php(213): CodeIgniter\View\View->CodeIgniter\View\{closure}()
#3 C:\xampp\htdocs\DhikaPegawai\vendor\codeigniter4\framework\system\Common.php(1089): CodeIgniter\View\View->render('client/pages/ed...', Array, true)
#4 C:\xampp\htdocs\DhikaPegawai\app\Controllers\admin\pegawai.php(51): view('client/pages/ed...', Array)
#5 C:\xampp\htdocs\DhikaPegawai\vendor\codeigniter4\framework\system\CodeIgniter.php(832): App\Controllers\admin\pegawai->edit('js', 'app.js')
#6 C:\xampp\htdocs\DhikaPegawai\vendor\codeigniter4\framework\system\CodeIgniter.php(419): CodeIgniter\CodeIgniter->runController(Object(App\Controllers\admin\pegawai))
#7 C:\xampp\htdocs\DhikaPegawai\vendor\codeigniter4\framework\system\CodeIgniter.php(326): CodeIgniter\CodeIgniter->handleRequest(NULL, Object(Config\Cache), false)
#8 C:\xampp\htdocs\DhikaPegawai\public\index.php(37): CodeIgniter\CodeIgniter->run()
#9 C:\xampp\htdocs\DhikaPegawai\vendor\codeigniter4\framework\system\Commands\Server\rewrite.php(43): require_once('C:\\xampp\\htdocs...')
#10 {main}
CRITICAL - 2023-02-06 07:46:40 --> Trying to get property 'nama_pegawai' of non-object
#0 C:\xampp\htdocs\DhikaPegawai\app\Views\client\pages\editpegawai.php(44): CodeIgniter\Debug\Exceptions->errorHandler(8, 'Trying to get p...', 'C:\\xampp\\htdocs...', 44, Array)
#1 C:\xampp\htdocs\DhikaPegawai\vendor\codeigniter4\framework\system\View\View.php(210): include('C:\\xampp\\htdocs...')
#2 C:\xampp\htdocs\DhikaPegawai\vendor\codeigniter4\framework\system\View\View.php(213): CodeIgniter\View\View->CodeIgniter\View\{closure}()
#3 C:\xampp\htdocs\DhikaPegawai\vendor\codeigniter4\framework\system\Common.php(1089): CodeIgniter\View\View->render('client/pages/ed...', Array, true)
#4 C:\xampp\htdocs\DhikaPegawai\app\Controllers\admin\pegawai.php(51): view('client/pages/ed...', Array)
#5 C:\xampp\htdocs\DhikaPegawai\vendor\codeigniter4\framework\system\CodeIgniter.php(832): App\Controllers\admin\pegawai->edit('adminlte', 'dist', 'img', 'user1-128x128.j...')
#6 C:\xampp\htdocs\DhikaPegawai\vendor\codeigniter4\framework\system\CodeIgniter.php(419): CodeIgniter\CodeIgniter->runController(Object(App\Controllers\admin\pegawai))
#7 C:\xampp\htdocs\DhikaPegawai\vendor\codeigniter4\framework\system\CodeIgniter.php(326): CodeIgniter\CodeIgniter->handleRequest(NULL, Object(Config\Cache), false)
#8 C:\xampp\htdocs\DhikaPegawai\public\index.php(37): CodeIgniter\CodeIgniter->run()
#9 C:\xampp\htdocs\DhikaPegawai\vendor\codeigniter4\framework\system\Commands\Server\rewrite.php(43): require_once('C:\\xampp\\htdocs...')
#10 {main}
CRITICAL - 2023-02-06 07:46:40 --> Trying to get property 'nama_pegawai' of non-object
#0 C:\xampp\htdocs\DhikaPegawai\app\Views\client\pages\editpegawai.php(44): CodeIgniter\Debug\Exceptions->errorHandler(8, 'Trying to get p...', 'C:\\xampp\\htdocs...', 44, Array)
#1 C:\xampp\htdocs\DhikaPegawai\vendor\codeigniter4\framework\system\View\View.php(210): include('C:\\xampp\\htdocs...')
#2 C:\xampp\htdocs\DhikaPegawai\vendor\codeigniter4\framework\system\View\View.php(213): CodeIgniter\View\View->CodeIgniter\View\{closure}()
#3 C:\xampp\htdocs\DhikaPegawai\vendor\codeigniter4\framework\system\Common.php(1089): CodeIgniter\View\View->render('client/pages/ed...', Array, true)
#4 C:\xampp\htdocs\DhikaPegawai\app\Controllers\admin\pegawai.php(51): view('client/pages/ed...', Array)
#5 C:\xampp\htdocs\DhikaPegawai\vendor\codeigniter4\framework\system\CodeIgniter.php(832): App\Controllers\admin\pegawai->edit('adminlte', 'dist', 'img', 'user8-128x128.j...')
#6 C:\xampp\htdocs\DhikaPegawai\vendor\codeigniter4\framework\system\CodeIgniter.php(419): CodeIgniter\CodeIgniter->runController(Object(App\Controllers\admin\pegawai))
#7 C:\xampp\htdocs\DhikaPegawai\vendor\codeigniter4\framework\system\CodeIgniter.php(326): CodeIgniter\CodeIgniter->handleRequest(NULL, Object(Config\Cache), false)
#8 C:\xampp\htdocs\DhikaPegawai\public\index.php(37): CodeIgniter\CodeIgniter->run()
#9 C:\xampp\htdocs\DhikaPegawai\vendor\codeigniter4\framework\system\Commands\Server\rewrite.php(43): require_once('C:\\xampp\\htdocs...')
#10 {main}
